<?xml version="1.0" encoding="UTF-8"?>
<!-- Generated by org.testng.reporters.JUnitReportReporter -->
<testsuite hostname="LAPTOP-E48591KV" failures="0" tests="1" name="LoginTest" time="6.118" errors="0" timestamp="2023-05-04T17:00:15 IST" skipped="0">
  <testcase classname="LoginTest" name="Login" time="6.118"/>
  <system-out/>
</testsuite> <!-- LoginTest -->
